John_Turner make John_Turner to leader fract 33 | 
John_Turner make John_Turner to leader fract 33 | 
John_Turner make John_Turner to leader fract 31 | 
John_Turner make John_Turner to leader fract 12 | 
John_Turner make John_Turner to leader fract 16 | 
John_Turner make John_Turner to leader fract 1 | 
John_Turner make John_Turner to leader fract 15 | 
John_Turner make John_Turner to leader fract 24 | 
John_Turner make John_Turner to leader fract 13 | 
John_Turner make John_Turner to leader fract 15 | 
John_Turner make John_Turner to leader fract 16 | 
John_Turner make John_Turner to leader fract 17 | 
John_Turner make John_Turner to leader fract 18 | 
John_Turner make John_Turner to leader fract 10 | 
John_Turner make John_Turner to leader fract 11 | 
John_Turner make John_Turner to leader fract 16 | 
John_Turner make John_Turner to leader fract 16 | 
John_Turner make John_Turner to leader fract 15 | 
John_Turner make John_Turner to leader fract 14 | 
John_Turner make John_Turner to leader fract 13 | 
John_Turner make John_Turner to leader fract 12 | 
John_Turner make John_Turner to leader fract 13 | 
John_Turner make John_Turner to leader fract 14 | 
John_Turner make John_Turner to leader fract 15 | 
John_Turner make John_Turner to leader fract 16 | 
John_Turner make John_Turner to leader fract 18 | 
John_Turner make John_Turner to leader fract 15 | 
John_Turner make John_Turner to leader fract 13 | 
John_Turner make John_Turner to leader fract 12 | 
John_Turner make John_Turner to leader fract 13 | 
John_Turner make John_Turner to leader fract 15 | 
John_Turner make John_Turner to leader fract 12 | 
John_Turner2 make John_Turner2 to leader fract 12 | 
John_Turner2 make John_Turner2 to leader fract 15 | 
John_Turner make John_Turner to leader fract 16 | 
John_Turner make John_Turner to leader fract 12 | 
John_Turner make John_Turner to leader fract 16 | 
John_Turner make John_Turner to leader fract 15 | 
John_Turner make John_Turner to leader fract 12 | 
John_Turner make John_Turner to leader fract 14 | 
John_Turner make John_Turner to leader fract 13 | 
John_Turner make John_Turner to leader fract 17 | 
John_Turner make John_Turner to leader fract 16 | 
John_Turner make John_Turner to leader fract 17 | 
John_Turner make John_Turner to leader fract 18 | 
John_Turner make John_Turner to leader fract 11 | 
John_Turner make John_Turner to leader fract 12 | 
John_Turner make John_Turner to leader fract 13 | 
John_Turner make John_Turner to leader fract 14 | 
John_Turner make John_Turner to leader fract 15 | 
John_Turner make John_Turner to leader fract 16 | 
John_Turner make John_Turner to leader fract 17 | 
John_Turner make John_Turner to leader fract 15 | 
John_Turner make John_Turner to leader fract 17 | 
John_Turner make John_Turner to leader fract 15 | 
John_Turner make John_Turner to leader fract 4 | 
John_Turner make John_Turner to leader fract 5 | 
John_Turner make John_Turner to leader fract 7 | 
John_Turner make John_Turner to leader fract 8 | 
John_Turner make John_Turner to leader fract 9 | 
John_Turner make John_Turner to leader fract 10 | 
John_Turner make John_Turner to leader fract 11 | 
John_Turner make John_Turner to leader fract 12 | 
John_Turner make John_Turner to leader fract 13 | 
John_Turner make John_Turner to leader fract 14 | 
John_Turner make John_Turner to leader fract 15 | 
John_Turner make John_Turner to leader fract 16 | 
John_Turner make John_Turner to leader fract 17 | 
John_Turner make John_Turner to leader fract 18 | 
John_Turner make John_Turner to leader fract 19 | 
John_Turner make John_Turner to leader fract 20 | 
John_Turner make John_Turner to leader fract 21 | 
John_Turner make John_Turner to leader fract 22 | 
John_Turner make John_Turner to leader fract 22 | 
John_Turner make John_Turner to leader fract 3 | 
John_Turner make John_Turner to leader fract 4 | 
John_Turner make John_Turner to leader fract 22 | 
John_Turner make John_Turner to leader fract 4 | 
John_Turner make John_Turner to leader fract 4 | 
John_Turner make John_Turner to leader fract 4 | 
John_Turner make John_Turner to leader fract 7 | 
John_Turner make John_Turner to leader fract 4 | 
John_Turner make John_Turner to leader fract 33 | 
John_Turner make John_Turner to leader fract 34 | 
John_Turner make John_Turner to leader fract 15 | 
John_Turner make John_Turner to leader fract 1 | 
John_Turner make John_Turner to leader fract 5 | 
John_Turner make John_Turner to leader fract 16 | 
John_Turner make John_Turner to leader fract 1 | 
John_Turner make John_Turner to leader fract 12 | 
John_Turner make John_Turner to leader fract 1 | 
John_Turner make John_Turner to leader fract 16 | 
Admin John_Turner sell house, House ID: 500 | 
Admin John_Turner sell house, House ID: 500 | 
John_Turner make John_Turner to leader fract 6 | 
John_Turner make John_Turner to leader fract 6 | 
John_Turner make John_Turner to leader fract 18 | 
Admin Andriano_Marez sell house, House ID: 8 | 
Admin Andriano_Marez sell house, House ID: 8 | 
Admin Andriano_Marez sell house, House ID: 8 | 
Admin Andriano_Marez sell house, House ID: 9 | 
Andriano_Marez make Andriano_Marez to leader fract 7 | 
Andriano_Marez make Andriano_Marez to leader fract 11 | 
Andriano_Marez make Andriano_Marez to leader fract 12 | 
Andriano_Marez make Andriano_Marez to leader fract 13 | 
Andriano_Marez make Andriano_Marez to leader fract 14 | 
Andriano_Marez2 make Andriano_Marez to leader fract 16 | 
Andriano_Marez2 make Andriano_Marez to leader fract 12 | 
Andriano_Marez make Andriano_Marez to leader fract 16 | 
Andriano_Marez make Andriano_Marez to leader fract 15 | 
Andriano_Marez make Andriano_Marez to leader fract 14 | 
Andriano_Marez2 make Andriano_Marez2 to leader fract 17 | 
Andriano_Marez2 make Andriano_Marez2 to leader fract 12 | 
Andriano_Marez2 make Andriano_Marez2 to leader fract 18 | 
Andriano_Marez2 make Andriano_Marez2 to leader fract 19 | 
Andriano_Marez2 make Andriano_Marez2 to leader fract 20 | 
Andriano_Marez2 make Andriano_Marez2 to leader fract 21 | 
Andriano_Marez2 make Andriano_Marez2 to leader fract 23 | 
Andriano_Marez2 make Andriano_Marez2 to leader fract 24 | 
Andriano_Marez2 make Andriano_Marez2 to leader fract 25 | 
Andriano_Marez2 make Andriano_Marez2 to leader fract 26 | 
Andriano_Marez2 make Andriano_Marez2 to leader fract 27 | 
Andriano_Marez2 make Andriano_Marez2 to leader fract 28 | 
Andriano_Marez2 make Andriano_Marez2 to leader fract 5 | 
Andriano_Marez make Andriano_Marez to leader fract 1 | 
Andriano_Marez make Andriano_Marez to leader fract 17 | 
Andriano_Marez make Andriano_Marez to leader fract 4 | 
Andriano_Marez make Andriano_Marez to leader fract 2 | 
Andriano_Marez make Andriano_Marez to leader fract 7 | 
Andriano_Marez make Andriano_Marez to leader fract 18 | 
John_Turner make John_Turner to leader fract 11 | 
John_Turner make John_Turner to leader fract 11 | 
John_Turner make John_Turner to leader fract 10 | 
John_Turner make John_Turner to leader fract 5 | 
John_Turner make John_Turner to leader fract 3 | 
John_Turner make John_Turner to leader fract 16 | 
Andriano_Marez make John_Turner to leader fract 4 | 
Andriano_Marez make Andriano_Marez to leader fract 4 | 
Andriano_Marez make Andriano_Marez to leader fract 5 | 
Andriano_Marez make Andriano_Marez to leader fract 7 | 
Andriano_Marez make Andriano_Marez to leader fract 6 | 
Andriano_Marez make Andriano_Marez to leader fract 8 | 
Andriano_Marez make Andriano_Marez to leader fract 9 | 
Andriano_Marez make Andriano_Marez to leader fract 10 | 
Andriano_Marez make Andriano_Marez to leader fract 11 | 
Andriano_Marez make Andriano_Marez to leader fract 12 | 
Andriano_Marez make Andriano_Marez to leader fract 13 | 
Andriano_Marez make Andriano_Marez to leader fract 14 | 
John_Turner make John_Turner to leader fract 11 | 
John_Turner make John_Turner to leader fract 15 | 
Luca_Olivera2 make Luca_Olivera2 to leader fract 15 | 
Luca_Olivera2 make Luca_Olivera2 to leader fract 15 | 
Luca_Olivera2 make Luca_Olivera2 to leader fract 15 | 
Luca_Olivera2 make Luca_Olivera2 to leader fract 6 | 
Luca_Olivera2 make Luca_Olivera2 to leader fract 15 | 
Luca_Olivera2 make Luca_Olivera2 to leader fract 14 | 
John_Turner make John_Turner to leader fract 1 | 
